
*** Running vivado
    with args -log Cortex_A9_processing_system7_0_0.vds -m64 -product Vivado -mode batch -messageDb vivado.pb -notrace -source Cortex_A9_processing_system7_0_0.tcl


****** Vivado v2016.4 (64-bit)
  **** SW Build 1756540 on Mon Jan 23 19:11:23 MST 2017
  **** IP Build 1755317 on Mon Jan 23 20:30:07 MST 2017
    ** Copyright 1986-2016 Xilinx, Inc. All Rights Reserved.

source Cortex_A9_processing_system7_0_0.tcl -notrace
Starting RTL Elaboration : Time (s): cpu = 00:00:13 ; elapsed = 00:00:21 . Memory (MB): peak = 348.129 ; gain = 138.016
INFO: [Synth 8-638] synthesizing module 'Cortex_A9_processing_system7_0_0' [c:/Users/kmd17/Documents/GitHub/Embedded_Systems_lab2_ARM/2.Interrupts/Part2_Interrupts.srcs/sources_1/bd/Cortex_A9/ip/Cortex_A9_processing_system7_0_0/synth/Cortex_A9_processing_system7_0_0.v:60]
INFO: [Synth 8-638] synthesizing module 'processing_system7_v5_5_processing_system7' [c:/Users/kmd17/Documents/GitHub/Embedded_Systems_lab2_ARM/2.Interrupts/Part2_Interrupts.srcs/sources_1/bd/Cortex_A9/ip/Cortex_A9_processing_system7_0_0/hdl/verilog/processing_system7_v5_5_processing_system7.v:161]
INFO: [Synth 8-638] synthesizing module 'BUFG' [C:/Xilinx/Vivado/2016.4/scripts/rt/data/unisim_comp.v:607]
INFO: [Synth 8-256] done synthesizing module 'BUFG' (1#1) [C:/Xilinx/Vivado/2016.4/scripts/rt/data/unisim_comp.v:607]
INFO: [Synth 8-638] synthesizing module 'BIBUF' [C:/Xilinx/Vivado/2016.4/scripts/rt/data/unisim_comp.v:268]
INFO: [Synth 8-256] done synthesizing module 'BIBUF' (2#1) [C:/Xilinx/Vivado/2016.4/scripts/rt/data/unisim_comp.v:268]
INFO: [Synth 8-638] synthesizing module 'PS7' [C:/Xilinx/Vivado/2016.4/scripts/rt/data/unisim_comp.v:33182]
INFO: [Synth 8-256] done synthesizing module 'PS7' (3#1) [C:/Xilinx/Vivado/2016.4/scripts/rt/data/unisim_comp.v:33182]
INFO: [Synth 8-256] done synthesizing module 'processing_system7_v5_5_processing_system7' (4#1) [c:/Users/kmd17/Documents/GitHub/Embedded_Systems_lab2_ARM/2.Interrupts/Part2_Interrupts.srcs/sources_1/bd/Cortex_A9/ip/Cortex_A9_processing_system7_0_0/hdl/verilog/processing_system7_v5_5_processing_system7.v:161]
INFO: [Synth 8-256] done synthesizing module 'Cortex_A9_processing_system7_0_0' (5#1) [c:/Users/kmd17/Documents/GitHub/Embedded_Systems_lab2_ARM/2.Interrupts/Part2_Interrupts.srcs/sources_1/bd/Cortex_A9/ip/Cortex_A9_processing_system7_0_0/synth/Cortex_A9_processing_system7_0_0.v:60]
Finished RTL Elaboration : Time (s): cpu = 00:00:15 ; elapsed = 00:00:23 . Memory (MB): peak = 385.473 ; gain = 175.359
Finished RTL Optimization Phase 1 : Time (s): cpu = 00:00:15 ; elapsed = 00:00:23 . Memory (MB): peak = 385.473 ; gain = 175.359
INFO: [Device 21-403] Loading part xc7z020clg484-1
Constraint Validation Runtime : Time (s): cpu = 00:00:00 ; elapsed = 00:00:00.057 . Memory (MB): peak = 628.598 ; gain = 0.000
Finished Constraint Validation : Time (s): cpu = 00:00:31 ; elapsed = 00:00:41 . Memory (MB): peak = 628.598 ; gain = 418.484
Finished Loading Part and Timing Information : Time (s): cpu = 00:00:31 ; elapsed = 00:00:41 . Memory (MB): peak = 628.598 ; gain = 418.484
Finished applying 'set_property' XDC Constraints : Time (s): cpu = 00:00:31 ; elapsed = 00:00:42 . Memory (MB): peak = 628.598 ; gain = 418.484
Finished RTL Optimization Phase 2 : Time (s): cpu = 00:00:32 ; elapsed = 00:00:43 . Memory (MB): peak = 628.598 ; gain = 418.484
Finished Cross Boundary and Area Optimization : Time (s): cpu = 00:00:33 ; elapsed = 00:00:44 . Memory (MB): peak = 628.598 ; gain = 418.484
Finished Applying XDC Timing Constraints : Time (s): cpu = 00:00:51 ; elapsed = 00:01:06 . Memory (MB): peak = 828.707 ; gain = 618.594
Finished Timing Optimization : Time (s): cpu = 00:00:51 ; elapsed = 00:01:06 . Memory (MB): peak = 845.746 ; gain = 635.633
Finished Technology Mapping : Time (s): cpu = 00:00:53 ; elapsed = 00:01:09 . Memory (MB): peak = 850.523 ; gain = 640.410
Finished IO Insertion : Time (s): cpu = 00:00:56 ; elapsed = 00:01:12 . Memory (MB): peak = 850.523 ; gain = 640.410
Finished Renaming Generated Instances : Time (s): cpu = 00:00:56 ; elapsed = 00:01:13 . Memory (MB): peak = 850.523 ; gain = 640.410
Finished Rebuilding User Hierarchy : Time (s): cpu = 00:00:56 ; elapsed = 00:01:13 . Memory (MB): peak = 850.523 ; gain = 640.410
Finished Renaming Generated Ports : Time (s): cpu = 00:00:56 ; elapsed = 00:01:13 . Memory (MB): peak = 850.523 ; gain = 640.410
Finished Handling Custom Attributes : Time (s): cpu = 00:00:56 ; elapsed = 00:01:13 . Memory (MB): peak = 850.523 ; gain = 640.410
Finished Renaming Generated Nets : Time (s): cpu = 00:00:56 ; elapsed = 00:01:13 . Memory (MB): peak = 850.523 ; gain = 640.410

Report Cell Usage: 
+------+------+------+
|      |Cell  |Count |
+------+------+------+
|1     |BIBUF |   130|
|2     |BUFG  |     1|
|3     |LUT1  |   112|
|4     |PS7   |     1|
+------+------+------+
Finished Writing Synthesis Report : Time (s): cpu = 00:00:56 ; elapsed = 00:01:13 . Memory (MB): peak = 850.523 ; gain = 640.410
synth_design: Time (s): cpu = 00:00:54 ; elapsed = 00:01:06 . Memory (MB): peak = 873.508 ; gain = 603.871
