
*** Running vivado
    with args -log Cortex_A9_axi_gpio_0_1.vds -m64 -product Vivado -mode batch -messageDb vivado.pb -notrace -source Cortex_A9_axi_gpio_0_1.tcl


****** Vivado v2016.4 (64-bit)
  **** SW Build 1756540 on Mon Jan 23 19:11:23 MST 2017
  **** IP Build 1755317 on Mon Jan 23 20:30:07 MST 2017
    ** Copyright 1986-2016 Xilinx, Inc. All Rights Reserved.

source Cortex_A9_axi_gpio_0_1.tcl -notrace
Starting RTL Elaboration : Time (s): cpu = 00:00:12 ; elapsed = 00:00:18 . Memory (MB): peak = 346.453 ; gain = 136.633
INFO: [Synth 8-638] synthesizing module 'Cortex_A9_axi_gpio_0_1' [c:/Users/kmd17/Documents/GitHub/Embedded_Systems_lab2_ARM/1.Basic Hardware-Software Platform/lab2_simple_arm.srcs/sources_1/bd/Cortex_A9/ip/Cortex_A9_axi_gpio_0_1/synth/Cortex_A9_axi_gpio_0_1.vhd:84]
INFO: [Synth 8-638] synthesizing module 'axi_gpio' [c:/Users/kmd17/Documents/GitHub/Embedded_Systems_lab2_ARM/1.Basic Hardware-Software Platform/lab2_simple_arm.srcs/sources_1/bd/Cortex_A9/ipshared/4f16/hdl/axi_gpio_v2_0_vh_rfs.vhd:1091]
INFO: [Synth 8-638] synthesizing module 'axi_lite_ipif' [c:/Users/kmd17/Documents/GitHub/Embedded_Systems_lab2_ARM/1.Basic Hardware-Software Platform/lab2_simple_arm.srcs/sources_1/bd/Cortex_A9/ipshared/0ba0/hdl/axi_lite_ipif_v3_0_vh_rfs.vhd:2948]
INFO: [Synth 8-638] synthesizing module 'slave_attachment' [c:/Users/kmd17/Documents/GitHub/Embedded_Systems_lab2_ARM/1.Basic Hardware-Software Platform/lab2_simple_arm.srcs/sources_1/bd/Cortex_A9/ipshared/0ba0/hdl/axi_lite_ipif_v3_0_vh_rfs.vhd:2341]
INFO: [Synth 8-638] synthesizing module 'address_decoder' [c:/Users/kmd17/Documents/GitHub/Embedded_Systems_lab2_ARM/1.Basic Hardware-Software Platform/lab2_simple_arm.srcs/sources_1/bd/Cortex_A9/ipshared/0ba0/hdl/axi_lite_ipif_v3_0_vh_rfs.vhd:1775]
INFO: [Synth 8-638] synthesizing module 'pselect_f' [c:/Users/kmd17/Documents/GitHub/Embedded_Systems_lab2_ARM/1.Basic Hardware-Software Platform/lab2_simple_arm.srcs/sources_1/bd/Cortex_A9/ipshared/0ba0/hdl/axi_lite_ipif_v3_0_vh_rfs.vhd:1534]
INFO: [Synth 8-256] done synthesizing module 'pselect_f' (1#1) [c:/Users/kmd17/Documents/GitHub/Embedded_Systems_lab2_ARM/1.Basic Hardware-Software Platform/lab2_simple_arm.srcs/sources_1/bd/Cortex_A9/ipshared/0ba0/hdl/axi_lite_ipif_v3_0_vh_rfs.vhd:1534]
INFO: [Synth 8-638] synthesizing module 'pselect_f__parameterized0' [c:/Users/kmd17/Documents/GitHub/Embedded_Systems_lab2_ARM/1.Basic Hardware-Software Platform/lab2_simple_arm.srcs/sources_1/bd/Cortex_A9/ipshared/0ba0/hdl/axi_lite_ipif_v3_0_vh_rfs.vhd:1534]
INFO: [Synth 8-256] done synthesizing module 'pselect_f__parameterized0' (1#1) [c:/Users/kmd17/Documents/GitHub/Embedded_Systems_lab2_ARM/1.Basic Hardware-Software Platform/lab2_simple_arm.srcs/sources_1/bd/Cortex_A9/ipshared/0ba0/hdl/axi_lite_ipif_v3_0_vh_rfs.vhd:1534]
INFO: [Synth 8-638] synthesizing module 'pselect_f__parameterized1' [c:/Users/kmd17/Documents/GitHub/Embedded_Systems_lab2_ARM/1.Basic Hardware-Software Platform/lab2_simple_arm.srcs/sources_1/bd/Cortex_A9/ipshared/0ba0/hdl/axi_lite_ipif_v3_0_vh_rfs.vhd:1534]
INFO: [Synth 8-256] done synthesizing module 'pselect_f__parameterized1' (1#1) [c:/Users/kmd17/Documents/GitHub/Embedded_Systems_lab2_ARM/1.Basic Hardware-Software Platform/lab2_simple_arm.srcs/sources_1/bd/Cortex_A9/ipshared/0ba0/hdl/axi_lite_ipif_v3_0_vh_rfs.vhd:1534]
INFO: [Synth 8-638] synthesizing module 'pselect_f__parameterized2' [c:/Users/kmd17/Documents/GitHub/Embedded_Systems_lab2_ARM/1.Basic Hardware-Software Platform/lab2_simple_arm.srcs/sources_1/bd/Cortex_A9/ipshared/0ba0/hdl/axi_lite_ipif_v3_0_vh_rfs.vhd:1534]
INFO: [Synth 8-256] done synthesizing module 'pselect_f__parameterized2' (1#1) [c:/Users/kmd17/Documents/GitHub/Embedded_Systems_lab2_ARM/1.Basic Hardware-Software Platform/lab2_simple_arm.srcs/sources_1/bd/Cortex_A9/ipshared/0ba0/hdl/axi_lite_ipif_v3_0_vh_rfs.vhd:1534]
INFO: [Synth 8-256] done synthesizing module 'address_decoder' (2#1) [c:/Users/kmd17/Documents/GitHub/Embedded_Systems_lab2_ARM/1.Basic Hardware-Software Platform/lab2_simple_arm.srcs/sources_1/bd/Cortex_A9/ipshared/0ba0/hdl/axi_lite_ipif_v3_0_vh_rfs.vhd:1775]
INFO: [Synth 8-256] done synthesizing module 'slave_attachment' (3#1) [c:/Users/kmd17/Documents/GitHub/Embedded_Systems_lab2_ARM/1.Basic Hardware-Software Platform/lab2_simple_arm.srcs/sources_1/bd/Cortex_A9/ipshared/0ba0/hdl/axi_lite_ipif_v3_0_vh_rfs.vhd:2341]
INFO: [Synth 8-256] done synthesizing module 'axi_lite_ipif' (4#1) [c:/Users/kmd17/Documents/GitHub/Embedded_Systems_lab2_ARM/1.Basic Hardware-Software Platform/lab2_simple_arm.srcs/sources_1/bd/Cortex_A9/ipshared/0ba0/hdl/axi_lite_ipif_v3_0_vh_rfs.vhd:2948]
INFO: [Synth 8-638] synthesizing module 'GPIO_Core' [c:/Users/kmd17/Documents/GitHub/Embedded_Systems_lab2_ARM/1.Basic Hardware-Software Platform/lab2_simple_arm.srcs/sources_1/bd/Cortex_A9/ipshared/4f16/hdl/axi_gpio_v2_0_vh_rfs.vhd:173]
INFO: [Synth 8-638] synthesizing module 'cdc_sync' [c:/Users/kmd17/Documents/GitHub/Embedded_Systems_lab2_ARM/1.Basic Hardware-Software Platform/lab2_simple_arm.srcs/sources_1/bd/Cortex_A9/ipshared/52cb/hdl/lib_cdc_v1_0_rfs.vhd:106]
INFO: [Synth 8-256] done synthesizing module 'cdc_sync' (5#1) [c:/Users/kmd17/Documents/GitHub/Embedded_Systems_lab2_ARM/1.Basic Hardware-Software Platform/lab2_simple_arm.srcs/sources_1/bd/Cortex_A9/ipshared/52cb/hdl/lib_cdc_v1_0_rfs.vhd:106]
INFO: [Synth 8-256] done synthesizing module 'GPIO_Core' (6#1) [c:/Users/kmd17/Documents/GitHub/Embedded_Systems_lab2_ARM/1.Basic Hardware-Software Platform/lab2_simple_arm.srcs/sources_1/bd/Cortex_A9/ipshared/4f16/hdl/axi_gpio_v2_0_vh_rfs.vhd:173]
INFO: [Synth 8-256] done synthesizing module 'axi_gpio' (7#1) [c:/Users/kmd17/Documents/GitHub/Embedded_Systems_lab2_ARM/1.Basic Hardware-Software Platform/lab2_simple_arm.srcs/sources_1/bd/Cortex_A9/ipshared/4f16/hdl/axi_gpio_v2_0_vh_rfs.vhd:1091]
INFO: [Synth 8-256] done synthesizing module 'Cortex_A9_axi_gpio_0_1' (8#1) [c:/Users/kmd17/Documents/GitHub/Embedded_Systems_lab2_ARM/1.Basic Hardware-Software Platform/lab2_simple_arm.srcs/sources_1/bd/Cortex_A9/ip/Cortex_A9_axi_gpio_0_1/synth/Cortex_A9_axi_gpio_0_1.vhd:84]
Finished RTL Elaboration : Time (s): cpu = 00:00:13 ; elapsed = 00:00:19 . Memory (MB): peak = 384.629 ; gain = 174.809
Finished RTL Optimization Phase 1 : Time (s): cpu = 00:00:13 ; elapsed = 00:00:20 . Memory (MB): peak = 384.629 ; gain = 174.809
INFO: [Device 21-403] Loading part xc7z020clg484-1
Constraint Validation Runtime : Time (s): cpu = 00:00:00 ; elapsed = 00:00:00.312 . Memory (MB): peak = 704.355 ; gain = 0.039
Finished Constraint Validation : Time (s): cpu = 00:00:27 ; elapsed = 00:00:35 . Memory (MB): peak = 704.355 ; gain = 494.535
Finished Loading Part and Timing Information : Time (s): cpu = 00:00:27 ; elapsed = 00:00:35 . Memory (MB): peak = 704.355 ; gain = 494.535
Finished applying 'set_property' XDC Constraints : Time (s): cpu = 00:00:27 ; elapsed = 00:00:35 . Memory (MB): peak = 704.355 ; gain = 494.535
Finished RTL Optimization Phase 2 : Time (s): cpu = 00:00:28 ; elapsed = 00:00:36 . Memory (MB): peak = 704.355 ; gain = 494.535
Finished Cross Boundary and Area Optimization : Time (s): cpu = 00:00:28 ; elapsed = 00:00:37 . Memory (MB): peak = 704.355 ; gain = 494.535
Finished Applying XDC Timing Constraints : Time (s): cpu = 00:00:43 ; elapsed = 00:00:52 . Memory (MB): peak = 704.355 ; gain = 494.535
Finished Timing Optimization : Time (s): cpu = 00:00:43 ; elapsed = 00:00:52 . Memory (MB): peak = 704.355 ; gain = 494.535
Finished Technology Mapping : Time (s): cpu = 00:00:43 ; elapsed = 00:00:52 . Memory (MB): peak = 704.355 ; gain = 494.535
Finished IO Insertion : Time (s): cpu = 00:00:44 ; elapsed = 00:00:53 . Memory (MB): peak = 704.355 ; gain = 494.535
Finished Renaming Generated Instances : Time (s): cpu = 00:00:44 ; elapsed = 00:00:53 . Memory (MB): peak = 704.355 ; gain = 494.535
Finished Rebuilding User Hierarchy : Time (s): cpu = 00:00:44 ; elapsed = 00:00:53 . Memory (MB): peak = 704.355 ; gain = 494.535
Finished Renaming Generated Ports : Time (s): cpu = 00:00:44 ; elapsed = 00:00:53 . Memory (MB): peak = 704.355 ; gain = 494.535
Finished Handling Custom Attributes : Time (s): cpu = 00:00:44 ; elapsed = 00:00:53 . Memory (MB): peak = 704.355 ; gain = 494.535
Finished Renaming Generated Nets : Time (s): cpu = 00:00:44 ; elapsed = 00:00:53 . Memory (MB): peak = 704.355 ; gain = 494.535

Report Cell Usage: 
+------+-----+------+
|      |Cell |Count |
+------+-----+------+
|1     |LUT1 |     2|
|2     |LUT2 |     5|
|3     |LUT3 |     4|
|4     |LUT4 |     8|
|5     |LUT5 |    11|
|6     |LUT6 |    11|
|7     |FDR  |    20|
|8     |FDRE |    46|
|9     |FDSE |     5|
+------+-----+------+
Finished Writing Synthesis Report : Time (s): cpu = 00:00:44 ; elapsed = 00:00:53 . Memory (MB): peak = 704.355 ; gain = 494.535
synth_design: Time (s): cpu = 00:00:39 ; elapsed = 00:00:43 . Memory (MB): peak = 704.355 ; gain = 439.594
