
*** Running vivado
    with args -log Cortex_A9_axi_gpio_0_1.vds -m64 -product Vivado -mode batch -messageDb vivado.pb -notrace -source Cortex_A9_axi_gpio_0_1.tcl


****** Vivado v2016.4 (64-bit)
  **** SW Build 1756540 on Mon Jan 23 19:11:23 MST 2017
  **** IP Build 1755317 on Mon Jan 23 20:30:07 MST 2017
    ** Copyright 1986-2016 Xilinx, Inc. All Rights Reserved.

source Cortex_A9_axi_gpio_0_1.tcl -notrace
Starting RTL Elaboration : Time (s): cpu = 00:00:13 ; elapsed = 00:00:21 . Memory (MB): peak = 345.191 ; gain = 135.059
INFO: [Synth 8-638] synthesizing module 'Cortex_A9_axi_gpio_0_1' [c:/Users/kmd17/Documents/GitHub/Embedded_Systems_lab2_ARM/2.Interrupts/Part2_Interrupts.srcs/sources_1/bd/Cortex_A9/ip/Cortex_A9_axi_gpio_0_1/synth/Cortex_A9_axi_gpio_0_1.vhd:85]
INFO: [Synth 8-638] synthesizing module 'axi_gpio' [c:/Users/kmd17/Documents/GitHub/Embedded_Systems_lab2_ARM/2.Interrupts/Part2_Interrupts.srcs/sources_1/bd/Cortex_A9/ipshared/4f16/hdl/axi_gpio_v2_0_vh_rfs.vhd:1091]
INFO: [Synth 8-638] synthesizing module 'axi_lite_ipif' [c:/Users/kmd17/Documents/GitHub/Embedded_Systems_lab2_ARM/2.Interrupts/Part2_Interrupts.srcs/sources_1/bd/Cortex_A9/ipshared/0ba0/hdl/axi_lite_ipif_v3_0_vh_rfs.vhd:2948]
INFO: [Synth 8-638] synthesizing module 'slave_attachment' [c:/Users/kmd17/Documents/GitHub/Embedded_Systems_lab2_ARM/2.Interrupts/Part2_Interrupts.srcs/sources_1/bd/Cortex_A9/ipshared/0ba0/hdl/axi_lite_ipif_v3_0_vh_rfs.vhd:2341]
INFO: [Synth 8-638] synthesizing module 'address_decoder' [c:/Users/kmd17/Documents/GitHub/Embedded_Systems_lab2_ARM/2.Interrupts/Part2_Interrupts.srcs/sources_1/bd/Cortex_A9/ipshared/0ba0/hdl/axi_lite_ipif_v3_0_vh_rfs.vhd:1775]
INFO: [Synth 8-638] synthesizing module 'pselect_f' [c:/Users/kmd17/Documents/GitHub/Embedded_Systems_lab2_ARM/2.Interrupts/Part2_Interrupts.srcs/sources_1/bd/Cortex_A9/ipshared/0ba0/hdl/axi_lite_ipif_v3_0_vh_rfs.vhd:1534]
INFO: [Synth 8-256] done synthesizing module 'pselect_f' (1#1) [c:/Users/kmd17/Documents/GitHub/Embedded_Systems_lab2_ARM/2.Interrupts/Part2_Interrupts.srcs/sources_1/bd/Cortex_A9/ipshared/0ba0/hdl/axi_lite_ipif_v3_0_vh_rfs.vhd:1534]
INFO: [Synth 8-638] synthesizing module 'pselect_f__parameterized0' [c:/Users/kmd17/Documents/GitHub/Embedded_Systems_lab2_ARM/2.Interrupts/Part2_Interrupts.srcs/sources_1/bd/Cortex_A9/ipshared/0ba0/hdl/axi_lite_ipif_v3_0_vh_rfs.vhd:1534]
INFO: [Synth 8-256] done synthesizing module 'pselect_f__parameterized0' (1#1) [c:/Users/kmd17/Documents/GitHub/Embedded_Systems_lab2_ARM/2.Interrupts/Part2_Interrupts.srcs/sources_1/bd/Cortex_A9/ipshared/0ba0/hdl/axi_lite_ipif_v3_0_vh_rfs.vhd:1534]
INFO: [Synth 8-638] synthesizing module 'pselect_f__parameterized1' [c:/Users/kmd17/Documents/GitHub/Embedded_Systems_lab2_ARM/2.Interrupts/Part2_Interrupts.srcs/sources_1/bd/Cortex_A9/ipshared/0ba0/hdl/axi_lite_ipif_v3_0_vh_rfs.vhd:1534]
INFO: [Synth 8-256] done synthesizing module 'pselect_f__parameterized1' (1#1) [c:/Users/kmd17/Documents/GitHub/Embedded_Systems_lab2_ARM/2.Interrupts/Part2_Interrupts.srcs/sources_1/bd/Cortex_A9/ipshared/0ba0/hdl/axi_lite_ipif_v3_0_vh_rfs.vhd:1534]
INFO: [Synth 8-638] synthesizing module 'pselect_f__parameterized2' [c:/Users/kmd17/Documents/GitHub/Embedded_Systems_lab2_ARM/2.Interrupts/Part2_Interrupts.srcs/sources_1/bd/Cortex_A9/ipshared/0ba0/hdl/axi_lite_ipif_v3_0_vh_rfs.vhd:1534]
INFO: [Synth 8-256] done synthesizing module 'pselect_f__parameterized2' (1#1) [c:/Users/kmd17/Documents/GitHub/Embedded_Systems_lab2_ARM/2.Interrupts/Part2_Interrupts.srcs/sources_1/bd/Cortex_A9/ipshared/0ba0/hdl/axi_lite_ipif_v3_0_vh_rfs.vhd:1534]
INFO: [Synth 8-638] synthesizing module 'pselect_f__parameterized3' [c:/Users/kmd17/Documents/GitHub/Embedded_Systems_lab2_ARM/2.Interrupts/Part2_Interrupts.srcs/sources_1/bd/Cortex_A9/ipshared/0ba0/hdl/axi_lite_ipif_v3_0_vh_rfs.vhd:1534]
INFO: [Synth 8-256] done synthesizing module 'pselect_f__parameterized3' (1#1) [c:/Users/kmd17/Documents/GitHub/Embedded_Systems_lab2_ARM/2.Interrupts/Part2_Interrupts.srcs/sources_1/bd/Cortex_A9/ipshared/0ba0/hdl/axi_lite_ipif_v3_0_vh_rfs.vhd:1534]
INFO: [Synth 8-638] synthesizing module 'pselect_f__parameterized4' [c:/Users/kmd17/Documents/GitHub/Embedded_Systems_lab2_ARM/2.Interrupts/Part2_Interrupts.srcs/sources_1/bd/Cortex_A9/ipshared/0ba0/hdl/axi_lite_ipif_v3_0_vh_rfs.vhd:1534]
INFO: [Synth 8-256] done synthesizing module 'pselect_f__parameterized4' (1#1) [c:/Users/kmd17/Documents/GitHub/Embedded_Systems_lab2_ARM/2.Interrupts/Part2_Interrupts.srcs/sources_1/bd/Cortex_A9/ipshared/0ba0/hdl/axi_lite_ipif_v3_0_vh_rfs.vhd:1534]
INFO: [Synth 8-638] synthesizing module 'pselect_f__parameterized5' [c:/Users/kmd17/Documents/GitHub/Embedded_Systems_lab2_ARM/2.Interrupts/Part2_Interrupts.srcs/sources_1/bd/Cortex_A9/ipshared/0ba0/hdl/axi_lite_ipif_v3_0_vh_rfs.vhd:1534]
INFO: [Synth 8-256] done synthesizing module 'pselect_f__parameterized5' (1#1) [c:/Users/kmd17/Documents/GitHub/Embedded_Systems_lab2_ARM/2.Interrupts/Part2_Interrupts.srcs/sources_1/bd/Cortex_A9/ipshared/0ba0/hdl/axi_lite_ipif_v3_0_vh_rfs.vhd:1534]
INFO: [Synth 8-638] synthesizing module 'pselect_f__parameterized6' [c:/Users/kmd17/Documents/GitHub/Embedded_Systems_lab2_ARM/2.Interrupts/Part2_Interrupts.srcs/sources_1/bd/Cortex_A9/ipshared/0ba0/hdl/axi_lite_ipif_v3_0_vh_rfs.vhd:1534]
INFO: [Synth 8-256] done synthesizing module 'pselect_f__parameterized6' (1#1) [c:/Users/kmd17/Documents/GitHub/Embedded_Systems_lab2_ARM/2.Interrupts/Part2_Interrupts.srcs/sources_1/bd/Cortex_A9/ipshared/0ba0/hdl/axi_lite_ipif_v3_0_vh_rfs.vhd:1534]
INFO: [Synth 8-638] synthesizing module 'pselect_f__parameterized7' [c:/Users/kmd17/Documents/GitHub/Embedded_Systems_lab2_ARM/2.Interrupts/Part2_Interrupts.srcs/sources_1/bd/Cortex_A9/ipshared/0ba0/hdl/axi_lite_ipif_v3_0_vh_rfs.vhd:1534]
INFO: [Synth 8-256] done synthesizing module 'pselect_f__parameterized7' (1#1) [c:/Users/kmd17/Documents/GitHub/Embedded_Systems_lab2_ARM/2.Interrupts/Part2_Interrupts.srcs/sources_1/bd/Cortex_A9/ipshared/0ba0/hdl/axi_lite_ipif_v3_0_vh_rfs.vhd:1534]
INFO: [Synth 8-638] synthesizing module 'pselect_f__parameterized8' [c:/Users/kmd17/Documents/GitHub/Embedded_Systems_lab2_ARM/2.Interrupts/Part2_Interrupts.srcs/sources_1/bd/Cortex_A9/ipshared/0ba0/hdl/axi_lite_ipif_v3_0_vh_rfs.vhd:1534]
INFO: [Synth 8-256] done synthesizing module 'pselect_f__parameterized8' (1#1) [c:/Users/kmd17/Documents/GitHub/Embedded_Systems_lab2_ARM/2.Interrupts/Part2_Interrupts.srcs/sources_1/bd/Cortex_A9/ipshared/0ba0/hdl/axi_lite_ipif_v3_0_vh_rfs.vhd:1534]
INFO: [Synth 8-638] synthesizing module 'pselect_f__parameterized9' [c:/Users/kmd17/Documents/GitHub/Embedded_Systems_lab2_ARM/2.Interrupts/Part2_Interrupts.srcs/sources_1/bd/Cortex_A9/ipshared/0ba0/hdl/axi_lite_ipif_v3_0_vh_rfs.vhd:1534]
INFO: [Synth 8-256] done synthesizing module 'pselect_f__parameterized9' (1#1) [c:/Users/kmd17/Documents/GitHub/Embedded_Systems_lab2_ARM/2.Interrupts/Part2_Interrupts.srcs/sources_1/bd/Cortex_A9/ipshared/0ba0/hdl/axi_lite_ipif_v3_0_vh_rfs.vhd:1534]
INFO: [Synth 8-638] synthesizing module 'pselect_f__parameterized10' [c:/Users/kmd17/Documents/GitHub/Embedded_Systems_lab2_ARM/2.Interrupts/Part2_Interrupts.srcs/sources_1/bd/Cortex_A9/ipshared/0ba0/hdl/axi_lite_ipif_v3_0_vh_rfs.vhd:1534]
INFO: [Synth 8-256] done synthesizing module 'pselect_f__parameterized10' (1#1) [c:/Users/kmd17/Documents/GitHub/Embedded_Systems_lab2_ARM/2.Interrupts/Part2_Interrupts.srcs/sources_1/bd/Cortex_A9/ipshared/0ba0/hdl/axi_lite_ipif_v3_0_vh_rfs.vhd:1534]
INFO: [Synth 8-638] synthesizing module 'pselect_f__parameterized11' [c:/Users/kmd17/Documents/GitHub/Embedded_Systems_lab2_ARM/2.Interrupts/Part2_Interrupts.srcs/sources_1/bd/Cortex_A9/ipshared/0ba0/hdl/axi_lite_ipif_v3_0_vh_rfs.vhd:1534]
INFO: [Synth 8-256] done synthesizing module 'pselect_f__parameterized11' (1#1) [c:/Users/kmd17/Documents/GitHub/Embedded_Systems_lab2_ARM/2.Interrupts/Part2_Interrupts.srcs/sources_1/bd/Cortex_A9/ipshared/0ba0/hdl/axi_lite_ipif_v3_0_vh_rfs.vhd:1534]
INFO: [Synth 8-638] synthesizing module 'pselect_f__parameterized12' [c:/Users/kmd17/Documents/GitHub/Embedded_Systems_lab2_ARM/2.Interrupts/Part2_Interrupts.srcs/sources_1/bd/Cortex_A9/ipshared/0ba0/hdl/axi_lite_ipif_v3_0_vh_rfs.vhd:1534]
INFO: [Synth 8-256] done synthesizing module 'pselect_f__parameterized12' (1#1) [c:/Users/kmd17/Documents/GitHub/Embedded_Systems_lab2_ARM/2.Interrupts/Part2_Interrupts.srcs/sources_1/bd/Cortex_A9/ipshared/0ba0/hdl/axi_lite_ipif_v3_0_vh_rfs.vhd:1534]
INFO: [Synth 8-638] synthesizing module 'pselect_f__parameterized13' [c:/Users/kmd17/Documents/GitHub/Embedded_Systems_lab2_ARM/2.Interrupts/Part2_Interrupts.srcs/sources_1/bd/Cortex_A9/ipshared/0ba0/hdl/axi_lite_ipif_v3_0_vh_rfs.vhd:1534]
INFO: [Synth 8-256] done synthesizing module 'pselect_f__parameterized13' (1#1) [c:/Users/kmd17/Documents/GitHub/Embedded_Systems_lab2_ARM/2.Interrupts/Part2_Interrupts.srcs/sources_1/bd/Cortex_A9/ipshared/0ba0/hdl/axi_lite_ipif_v3_0_vh_rfs.vhd:1534]
INFO: [Synth 8-638] synthesizing module 'pselect_f__parameterized14' [c:/Users/kmd17/Documents/GitHub/Embedded_Systems_lab2_ARM/2.Interrupts/Part2_Interrupts.srcs/sources_1/bd/Cortex_A9/ipshared/0ba0/hdl/axi_lite_ipif_v3_0_vh_rfs.vhd:1534]
INFO: [Synth 8-256] done synthesizing module 'pselect_f__parameterized14' (1#1) [c:/Users/kmd17/Documents/GitHub/Embedded_Systems_lab2_ARM/2.Interrupts/Part2_Interrupts.srcs/sources_1/bd/Cortex_A9/ipshared/0ba0/hdl/axi_lite_ipif_v3_0_vh_rfs.vhd:1534]
INFO: [Synth 8-638] synthesizing module 'pselect_f__parameterized15' [c:/Users/kmd17/Documents/GitHub/Embedded_Systems_lab2_ARM/2.Interrupts/Part2_Interrupts.srcs/sources_1/bd/Cortex_A9/ipshared/0ba0/hdl/axi_lite_ipif_v3_0_vh_rfs.vhd:1534]
INFO: [Synth 8-256] done synthesizing module 'pselect_f__parameterized15' (1#1) [c:/Users/kmd17/Documents/GitHub/Embedded_Systems_lab2_ARM/2.Interrupts/Part2_Interrupts.srcs/sources_1/bd/Cortex_A9/ipshared/0ba0/hdl/axi_lite_ipif_v3_0_vh_rfs.vhd:1534]
INFO: [Synth 8-638] synthesizing module 'pselect_f__parameterized16' [c:/Users/kmd17/Documents/GitHub/Embedded_Systems_lab2_ARM/2.Interrupts/Part2_Interrupts.srcs/sources_1/bd/Cortex_A9/ipshared/0ba0/hdl/axi_lite_ipif_v3_0_vh_rfs.vhd:1534]
INFO: [Synth 8-256] done synthesizing module 'pselect_f__parameterized16' (1#1) [c:/Users/kmd17/Documents/GitHub/Embedded_Systems_lab2_ARM/2.Interrupts/Part2_Interrupts.srcs/sources_1/bd/Cortex_A9/ipshared/0ba0/hdl/axi_lite_ipif_v3_0_vh_rfs.vhd:1534]
INFO: [Synth 8-638] synthesizing module 'pselect_f__parameterized17' [c:/Users/kmd17/Documents/GitHub/Embedded_Systems_lab2_ARM/2.Interrupts/Part2_Interrupts.srcs/sources_1/bd/Cortex_A9/ipshared/0ba0/hdl/axi_lite_ipif_v3_0_vh_rfs.vhd:1534]
INFO: [Synth 8-256] done synthesizing module 'pselect_f__parameterized17' (1#1) [c:/Users/kmd17/Documents/GitHub/Embedded_Systems_lab2_ARM/2.Interrupts/Part2_Interrupts.srcs/sources_1/bd/Cortex_A9/ipshared/0ba0/hdl/axi_lite_ipif_v3_0_vh_rfs.vhd:1534]
INFO: [Synth 8-638] synthesizing module 'pselect_f__parameterized18' [c:/Users/kmd17/Documents/GitHub/Embedded_Systems_lab2_ARM/2.Interrupts/Part2_Interrupts.srcs/sources_1/bd/Cortex_A9/ipshared/0ba0/hdl/axi_lite_ipif_v3_0_vh_rfs.vhd:1534]
INFO: [Synth 8-256] done synthesizing module 'pselect_f__parameterized18' (1#1) [c:/Users/kmd17/Documents/GitHub/Embedded_Systems_lab2_ARM/2.Interrupts/Part2_Interrupts.srcs/sources_1/bd/Cortex_A9/ipshared/0ba0/hdl/axi_lite_ipif_v3_0_vh_rfs.vhd:1534]
INFO: [Synth 8-638] synthesizing module 'pselect_f__parameterized19' [c:/Users/kmd17/Documents/GitHub/Embedded_Systems_lab2_ARM/2.Interrupts/Part2_Interrupts.srcs/sources_1/bd/Cortex_A9/ipshared/0ba0/hdl/axi_lite_ipif_v3_0_vh_rfs.vhd:1534]
INFO: [Synth 8-256] done synthesizing module 'pselect_f__parameterized19' (1#1) [c:/Users/kmd17/Documents/GitHub/Embedded_Systems_lab2_ARM/2.Interrupts/Part2_Interrupts.srcs/sources_1/bd/Cortex_A9/ipshared/0ba0/hdl/axi_lite_ipif_v3_0_vh_rfs.vhd:1534]
INFO: [Synth 8-638] synthesizing module 'pselect_f__parameterized20' [c:/Users/kmd17/Documents/GitHub/Embedded_Systems_lab2_ARM/2.Interrupts/Part2_Interrupts.srcs/sources_1/bd/Cortex_A9/ipshared/0ba0/hdl/axi_lite_ipif_v3_0_vh_rfs.vhd:1534]
INFO: [Synth 8-256] done synthesizing module 'pselect_f__parameterized20' (1#1) [c:/Users/kmd17/Documents/GitHub/Embedded_Systems_lab2_ARM/2.Interrupts/Part2_Interrupts.srcs/sources_1/bd/Cortex_A9/ipshared/0ba0/hdl/axi_lite_ipif_v3_0_vh_rfs.vhd:1534]
INFO: [Synth 8-256] done synthesizing module 'address_decoder' (2#1) [c:/Users/kmd17/Documents/GitHub/Embedded_Systems_lab2_ARM/2.Interrupts/Part2_Interrupts.srcs/sources_1/bd/Cortex_A9/ipshared/0ba0/hdl/axi_lite_ipif_v3_0_vh_rfs.vhd:1775]
INFO: [Synth 8-256] done synthesizing module 'slave_attachment' (3#1) [c:/Users/kmd17/Documents/GitHub/Embedded_Systems_lab2_ARM/2.Interrupts/Part2_Interrupts.srcs/sources_1/bd/Cortex_A9/ipshared/0ba0/hdl/axi_lite_ipif_v3_0_vh_rfs.vhd:2341]
INFO: [Synth 8-256] done synthesizing module 'axi_lite_ipif' (4#1) [c:/Users/kmd17/Documents/GitHub/Embedded_Systems_lab2_ARM/2.Interrupts/Part2_Interrupts.srcs/sources_1/bd/Cortex_A9/ipshared/0ba0/hdl/axi_lite_ipif_v3_0_vh_rfs.vhd:2948]
INFO: [Synth 8-638] synthesizing module 'interrupt_control' [c:/Users/kmd17/Documents/GitHub/Embedded_Systems_lab2_ARM/2.Interrupts/Part2_Interrupts.srcs/sources_1/bd/Cortex_A9/ipshared/e956/hdl/interrupt_control_v3_1_vh_rfs.vhd:259]
INFO: [Synth 8-256] done synthesizing module 'interrupt_control' (5#1) [c:/Users/kmd17/Documents/GitHub/Embedded_Systems_lab2_ARM/2.Interrupts/Part2_Interrupts.srcs/sources_1/bd/Cortex_A9/ipshared/e956/hdl/interrupt_control_v3_1_vh_rfs.vhd:259]
INFO: [Synth 8-638] synthesizing module 'GPIO_Core' [c:/Users/kmd17/Documents/GitHub/Embedded_Systems_lab2_ARM/2.Interrupts/Part2_Interrupts.srcs/sources_1/bd/Cortex_A9/ipshared/4f16/hdl/axi_gpio_v2_0_vh_rfs.vhd:173]
INFO: [Synth 8-638] synthesizing module 'cdc_sync' [c:/Users/kmd17/Documents/GitHub/Embedded_Systems_lab2_ARM/2.Interrupts/Part2_Interrupts.srcs/sources_1/bd/Cortex_A9/ipshared/52cb/hdl/lib_cdc_v1_0_rfs.vhd:106]
INFO: [Synth 8-256] done synthesizing module 'cdc_sync' (6#1) [c:/Users/kmd17/Documents/GitHub/Embedded_Systems_lab2_ARM/2.Interrupts/Part2_Interrupts.srcs/sources_1/bd/Cortex_A9/ipshared/52cb/hdl/lib_cdc_v1_0_rfs.vhd:106]
INFO: [Synth 8-256] done synthesizing module 'GPIO_Core' (7#1) [c:/Users/kmd17/Documents/GitHub/Embedded_Systems_lab2_ARM/2.Interrupts/Part2_Interrupts.srcs/sources_1/bd/Cortex_A9/ipshared/4f16/hdl/axi_gpio_v2_0_vh_rfs.vhd:173]
INFO: [Synth 8-256] done synthesizing module 'axi_gpio' (8#1) [c:/Users/kmd17/Documents/GitHub/Embedded_Systems_lab2_ARM/2.Interrupts/Part2_Interrupts.srcs/sources_1/bd/Cortex_A9/ipshared/4f16/hdl/axi_gpio_v2_0_vh_rfs.vhd:1091]
INFO: [Synth 8-256] done synthesizing module 'Cortex_A9_axi_gpio_0_1' (9#1) [c:/Users/kmd17/Documents/GitHub/Embedded_Systems_lab2_ARM/2.Interrupts/Part2_Interrupts.srcs/sources_1/bd/Cortex_A9/ip/Cortex_A9_axi_gpio_0_1/synth/Cortex_A9_axi_gpio_0_1.vhd:85]
Finished RTL Elaboration : Time (s): cpu = 00:00:15 ; elapsed = 00:00:23 . Memory (MB): peak = 384.488 ; gain = 174.355
Finished RTL Optimization Phase 1 : Time (s): cpu = 00:00:15 ; elapsed = 00:00:23 . Memory (MB): peak = 384.488 ; gain = 174.355
INFO: [Device 21-403] Loading part xc7z020clg484-1
Constraint Validation Runtime : Time (s): cpu = 00:00:00 ; elapsed = 00:00:00.278 . Memory (MB): peak = 705.313 ; gain = 0.000
Finished Constraint Validation : Time (s): cpu = 00:00:30 ; elapsed = 00:00:41 . Memory (MB): peak = 705.313 ; gain = 495.180
Finished Loading Part and Timing Information : Time (s): cpu = 00:00:30 ; elapsed = 00:00:41 . Memory (MB): peak = 705.313 ; gain = 495.180
Finished applying 'set_property' XDC Constraints : Time (s): cpu = 00:00:30 ; elapsed = 00:00:41 . Memory (MB): peak = 705.313 ; gain = 495.180
Finished RTL Optimization Phase 2 : Time (s): cpu = 00:00:31 ; elapsed = 00:00:43 . Memory (MB): peak = 705.313 ; gain = 495.180
Finished Cross Boundary and Area Optimization : Time (s): cpu = 00:00:32 ; elapsed = 00:00:45 . Memory (MB): peak = 705.313 ; gain = 495.180
Finished Applying XDC Timing Constraints : Time (s): cpu = 00:00:49 ; elapsed = 00:01:05 . Memory (MB): peak = 705.313 ; gain = 495.180
Finished Timing Optimization : Time (s): cpu = 00:00:50 ; elapsed = 00:01:05 . Memory (MB): peak = 705.313 ; gain = 495.180
Finished Technology Mapping : Time (s): cpu = 00:00:50 ; elapsed = 00:01:06 . Memory (MB): peak = 705.313 ; gain = 495.180
Finished IO Insertion : Time (s): cpu = 00:00:51 ; elapsed = 00:01:07 . Memory (MB): peak = 705.313 ; gain = 495.180
Finished Renaming Generated Instances : Time (s): cpu = 00:00:51 ; elapsed = 00:01:07 . Memory (MB): peak = 705.313 ; gain = 495.180
Finished Rebuilding User Hierarchy : Time (s): cpu = 00:00:51 ; elapsed = 00:01:07 . Memory (MB): peak = 705.313 ; gain = 495.180
Finished Renaming Generated Ports : Time (s): cpu = 00:00:51 ; elapsed = 00:01:07 . Memory (MB): peak = 705.313 ; gain = 495.180
Finished Handling Custom Attributes : Time (s): cpu = 00:00:51 ; elapsed = 00:01:07 . Memory (MB): peak = 705.313 ; gain = 495.180
Finished Renaming Generated Nets : Time (s): cpu = 00:00:51 ; elapsed = 00:01:07 . Memory (MB): peak = 705.313 ; gain = 495.180

Report Cell Usage: 
+------+-----+------+
|      |Cell |Count |
+------+-----+------+
|1     |LUT1 |     2|
|2     |LUT2 |    10|
|3     |LUT3 |     6|
|4     |LUT4 |    18|
|5     |LUT5 |    19|
|6     |LUT6 |    31|
|7     |FDR  |    20|
|8     |FDRE |    87|
|9     |FDSE |     7|
+------+-----+------+
Finished Writing Synthesis Report : Time (s): cpu = 00:00:51 ; elapsed = 00:01:07 . Memory (MB): peak = 705.313 ; gain = 495.180
synth_design: Time (s): cpu = 00:00:47 ; elapsed = 00:00:59 . Memory (MB): peak = 705.313 ; gain = 441.156
